# JRE version: OpenJDK Runtime Environment (11.0.12+7) (build 11.0.12+7-b1504.28-7817840)
# Java VM: OpenJDK 64-Bit Server VM (11.0.12+7-b1504.28-7817840, mixed mode, tiered, compressed oops, g1 gc, windows-amd64)
Heap:
 garbage-first heap   total 189440K, used 80554K [0x0000000080000000, 0x0000000100000000)
  region size 1024K, 22 young (22528K), 3 survivors (3072K)
 Metaspace       used 52118K, capacity 53548K, committed 53632K, reserved 1095680K
  class space    used 6712K, capacity 7220K, committed 7296K, reserved 1048576K
GC Heap History (20 events):
Event: 1.421 GC heap before
{Heap before GC invocations=1 (full 0):
 garbage-first heap   total 131072K, used 17814K [0x0000000080000000, 0x0000000100000000)
  region size 1024K, 12 young (12288K), 2 survivors (2048K)
 Metaspace       used 9806K, capacity 10050K, committed 10112K, reserved 1058816K
  class space    used 1024K, capacity 1102K, committed 1152K, reserved 1048576K
}
Event: 1.425 GC heap after
{Heap after GC invocations=2 (full 0):
 garbage-first heap   total 131072K, used 9478K [0x0000000080000000, 0x0000000100000000)
  region size 1024K, 2 young (2048K), 2 survivors (2048K)
 Metaspace       used 9806K, capacity 10050K, committed 10112K, reserved 1058816K
  class space    used 1024K, capacity 1102K, committed 1152K, reserved 1048576K
}
Event: 1.959 GC heap before
{Heap before GC invocations=2 (full 0):
 garbage-first heap   total 131072K, used 36102K [0x0000000080000000, 0x0000000100000000)
  region size 1024K, 28 young (28672K), 2 survivors (2048K)
 Metaspace       used 10843K, capacity 11069K, committed 11264K, reserved 1058816K
  class space    used 1130K, capacity 1207K, committed 1280K, reserved 1048576K
}
Event: 1.962 GC heap after
{Heap after GC invocations=3 (full 0):
 garbage-first heap   total 131072K, used 9909K [0x0000000080000000, 0x0000000100000000)
  region size 1024K, 3 young (3072K), 3 survivors (3072K)
 Metaspace       used 10843K, capacity 11069K, committed 11264K, reserved 1058816K
  class space    used 1130K, capacity 1207K, committed 1280K, reserved 1048576K
}
Event: 3.644 GC heap before
{Heap before GC invocations=3 (full 0):
 garbage-first heap   total 131072K, used 50869K [0x0000000080000000, 0x0000000100000000)
  region size 1024K, 42 young (43008K), 3 survivors (3072K)
 Metaspace       used 17006K, capacity 17462K, committed 17536K, reserved 1064960K
  class space    used 1964K, capacity 2114K, committed 2176K, reserved 1048576K
}
Event: 3.662 GC heap after
{Heap after GC invocations=4 (full 0):
 garbage-first heap   total 131072K, used 15988K [0x0000000080000000, 0x0000000100000000)
  region size 1024K, 6 young (6144K), 6 survivors (6144K)
 Metaspace       used 17006K, capacity 17462K, committed 17536K, reserved 1064960K
  class space    used 1964K, capacity 2114K, committed 2176K, reserved 1048576K
}
Event: 4.389 GC heap before
{Heap before GC invocations=4 (full 0):
 garbage-first heap   total 131072K, used 51828K [0x0000000080000000, 0x0000000100000000)
  region size 1024K, 42 young (43008K), 6 survivors (6144K)
 Metaspace       used 20701K, capacity 21148K, committed 21248K, reserved 1067008K
  class space    used 2544K, capacity 2727K, committed 2816K, reserved 1048576K
}
Event: 4.405 GC heap after
{Heap after GC invocations=5 (full 0):
 garbage-first heap   total 131072K, used 17332K [0x0000000080000000, 0x0000000100000000)
  region size 1024K, 7 young (7168K), 7 survivors (7168K)
 Metaspace       used 20701K, capacity 21148K, committed 21248K, reserved 1067008K
  class space    used 2544K, capacity 2727K, committed 2816K, reserved 1048576K
}
Event: 5.683 GC heap before
{Heap before GC invocations=6 (full 0):
 garbage-first heap   total 131072K, used 73652K [0x0000000080000000, 0x0000000100000000)
  region size 1024K, 62 young (63488K), 7 survivors (7168K)
 Metaspace       used 26915K, capacity 27507K, committed 27648K, reserved 1073152K
  class space    used 3505K, capacity 3750K, committed 3840K, reserved 1048576K
}
Event: 5.695 GC heap after
{Heap after GC invocations=7 (full 0):
 garbage-first heap   total 131072K, used 20093K [0x0000000080000000, 0x0000000100000000)
  region size 1024K, 4 young (4096K), 4 survivors (4096K)
 Metaspace       used 26915K, capacity 27507K, committed 27648K, reserved 1073152K
  class space    used 3505K, capacity 3750K, committed 3840K, reserved 1048576K
}
Event: 7.182 GC heap before
{Heap before GC invocations=7 (full 0):
 garbage-first heap   total 131072K, used 100989K [0x0000000080000000, 0x0000000100000000)
  region size 1024K, 73 young (74752K), 4 survivors (4096K)
 Metaspace       used 33674K, capacity 34579K, committed 34688K, reserved 1079296K
  class space    used 4556K, capacity 4887K, committed 4992K, reserved 1048576K
}
Event: 7.197 GC heap after
{Heap after GC invocations=8 (full 0):
 garbage-first heap   total 157696K, used 36090K [0x0000000080000000, 0x0000000100000000)
  region size 1024K, 10 young (10240K), 10 survivors (10240K)
 Metaspace       used 33674K, capacity 34579K, committed 34688K, reserved 1079296K
  class space    used 4556K, capacity 4887K, committed 4992K, reserved 1048576K
}
Event: 7.459 GC heap before
{Heap before GC invocations=8 (full 0):
 garbage-first heap   total 157696K, used 41210K [0x0000000080000000, 0x0000000100000000)
  region size 1024K, 16 young (16384K), 10 survivors (10240K)
 Metaspace       used 34910K, capacity 35834K, committed 35840K, reserved 1081344K
  class space    used 4644K, capacity 4986K, committed 4992K, reserved 1048576K
}
Event: 7.478 GC heap after
{Heap after GC invocations=9 (full 0):
 garbage-first heap   total 157696K, used 36624K [0x0000000080000000, 0x0000000100000000)
  region size 1024K, 2 young (2048K), 2 survivors (2048K)
 Metaspace       used 34910K, capacity 35834K, committed 35840K, reserved 1081344K
  class space    used 4644K, capacity 4986K, committed 4992K, reserved 1048576K
}
Event: 9.164 GC heap before
{Heap before GC invocations=10 (full 0):
 garbage-first heap   total 157696K, used 115472K [0x0000000080000000, 0x0000000100000000)
  region size 1024K, 76 young (77824K), 2 survivors (2048K)
 Metaspace       used 43474K, capacity 44528K, committed 44672K, reserved 1087488K
  class space    used 5576K, capacity 5961K, committed 6016K, reserved 1048576K
}
Event: 9.179 GC heap after
{Heap after GC invocations=11 (full 0):
 garbage-first heap   total 157696K, used 41933K [0x0000000080000000, 0x0000000100000000)
  region size 1024K, 7 young (7168K), 7 survivors (7168K)
 Metaspace       used 43474K, capacity 44528K, committed 44672K, reserved 1087488K
  class space    used 5576K, capacity 5961K, committed 6016K, reserved 1048576K
}
Event: 11.061 GC heap before
{Heap before GC invocations=11 (full 0):
 garbage-first heap   total 157696K, used 124877K [0x0000000080000000, 0x0000000100000000)
  region size 1024K, 80 young (81920K), 7 survivors (7168K)
 Metaspace       used 47871K, capacity 49111K, committed 49408K, reserved 1091584K
  class space    used 6116K, capacity 6560K, committed 6656K, reserved 1048576K
}
Event: 11.095 GC heap after
{Heap after GC invocations=12 (full 0):
 garbage-first heap   total 157696K, used 56030K [0x0000000080000000, 0x0000000100000000)
  region size 1024K, 7 young (7168K), 7 survivors (7168K)
 Metaspace       used 47871K, capacity 49111K, committed 49408K, reserved 1091584K
  class space    used 6116K, capacity 6560K, committed 6656K, reserved 1048576K
}
Event: 13.041 GC heap before
{Heap before GC invocations=12 (full 0):
 garbage-first heap   total 157696K, used 121566K [0x0000000080000000, 0x0000000100000000)
  region size 1024K, 71 young (72704K), 7 survivors (7168K)
 Metaspace       used 51424K, capacity 52869K, committed 52992K, reserved 1095680K
  class space    used 6599K, capacity 7102K, committed 7168K, reserved 1048576K
}
Event: 13.058 GC heap after
{Heap after GC invocations=13 (full 0):
 garbage-first heap   total 189440K, used 59050K [0x0000000080000000, 0x0000000100000000)
  region size 1024K, 3 young (3072K), 3 survivors (3072K)
 Metaspace       used 51424K, capacity 52869K, committed 52992K, reserved 1095680K
  class space    used 6599K, capacity 7102K, committed 7168K, reserved 1048576K
}

