# JRE version: OpenJDK Runtime Environment (11.0.12+7) (build 11.0.12+7-b1504.28-7817840)
# Java VM: OpenJDK 64-Bit Server VM (11.0.12+7-b1504.28-7817840, mixed mode, tiered, compressed oops, g1 gc, windows-amd64)
Heap:
 garbage-first heap   total 131072K, used 76580K [0x0000000080000000, 0x0000000100000000)
  region size 1024K, 33 young (33792K), 6 survivors (6144K)
 Metaspace       used 65994K, capacity 67511K, committed 67788K, reserved 1107968K
  class space    used 8326K, capacity 8926K, committed 8960K, reserved 1048576K
GC Heap History (20 events):
Event: 10.638 GC heap before
{Heap before GC invocations=4 (full 0):
 garbage-first heap   total 131072K, used 42771K [0x0000000080000000, 0x0000000100000000)
  region size 1024K, 33 young (33792K), 6 survivors (6144K)
 Metaspace       used 20726K, capacity 21135K, committed 21248K, reserved 1067008K
  class space    used 2539K, capacity 2710K, committed 2816K, reserved 1048576K
}
Event: 10.653 GC heap after
{Heap after GC invocations=5 (full 0):
 garbage-first heap   total 131072K, used 17356K [0x0000000080000000, 0x0000000100000000)
  region size 1024K, 5 young (5120K), 5 survivors (5120K)
 Metaspace       used 20726K, capacity 21135K, committed 21248K, reserved 1067008K
  class space    used 2539K, capacity 2710K, committed 2816K, reserved 1048576K
}
Event: 12.080 GC heap before
{Heap before GC invocations=6 (full 0):
 garbage-first heap   total 131072K, used 67532K [0x0000000080000000, 0x0000000100000000)
  region size 1024K, 54 young (55296K), 5 survivors (5120K)
 Metaspace       used 25934K, capacity 26451K, committed 26624K, reserved 1073152K
  class space    used 3346K, capacity 3551K, committed 3584K, reserved 1048576K
}
Event: 12.094 GC heap after
{Heap after GC invocations=7 (full 0):
 garbage-first heap   total 131072K, used 19117K [0x0000000080000000, 0x0000000100000000)
  region size 1024K, 3 young (3072K), 3 survivors (3072K)
 Metaspace       used 25934K, capacity 26451K, committed 26624K, reserved 1073152K
  class space    used 3346K, capacity 3551K, committed 3584K, reserved 1048576K
}
Event: 14.898 GC heap before
{Heap before GC invocations=7 (full 0):
 garbage-first heap   total 131072K, used 74413K [0x0000000080000000, 0x0000000100000000)
  region size 1024K, 57 young (58368K), 3 survivors (3072K)
 Metaspace       used 31894K, capacity 32619K, committed 32768K, reserved 1077248K
  class space    used 4265K, capacity 4551K, committed 4608K, reserved 1048576K
}
Event: 14.908 GC heap after
{Heap after GC invocations=8 (full 0):
 garbage-first heap   total 131072K, used 21030K [0x0000000080000000, 0x0000000100000000)
  region size 1024K, 5 young (5120K), 5 survivors (5120K)
 Metaspace       used 31894K, capacity 32619K, committed 32768K, reserved 1077248K
  class space    used 4265K, capacity 4551K, committed 4608K, reserved 1048576K
}
Event: 15.695 GC heap before
{Heap before GC invocations=8 (full 0):
 garbage-first heap   total 131072K, used 27174K [0x0000000080000000, 0x0000000100000000)
  region size 1024K, 12 young (12288K), 5 survivors (5120K)
 Metaspace       used 34981K, capacity 35787K, committed 35840K, reserved 1081344K
  class space    used 4532K, capacity 4839K, committed 4864K, reserved 1048576K
}
Event: 15.714 GC heap after
{Heap after GC invocations=9 (full 0):
 garbage-first heap   total 131072K, used 22534K [0x0000000080000000, 0x0000000100000000)
  region size 1024K, 6 young (6144K), 6 survivors (6144K)
 Metaspace       used 34981K, capacity 35787K, committed 35840K, reserved 1081344K
  class space    used 4532K, capacity 4839K, committed 4864K, reserved 1048576K
}
Event: 17.939 GC heap before
{Heap before GC invocations=10 (full 0):
 garbage-first heap   total 131072K, used 79878K [0x0000000080000000, 0x0000000100000000)
  region size 1024K, 60 young (61440K), 6 survivors (6144K)
 Metaspace       used 39519K, capacity 40438K, committed 40780K, reserved 1085440K
  class space    used 5041K, capacity 5385K, committed 5504K, reserved 1048576K
}
Event: 17.967 GC heap after
{Heap after GC invocations=11 (full 0):
 garbage-first heap   total 131072K, used 27036K [0x0000000080000000, 0x0000000100000000)
  region size 1024K, 8 young (8192K), 8 survivors (8192K)
 Metaspace       used 39519K, capacity 40438K, committed 40780K, reserved 1085440K
  class space    used 5041K, capacity 5385K, committed 5504K, reserved 1048576K
}
Event: 20.293 GC heap before
{Heap before GC invocations=11 (full 0):
 garbage-first heap   total 131072K, used 83356K [0x0000000080000000, 0x0000000100000000)
  region size 1024K, 63 young (64512K), 8 survivors (8192K)
 Metaspace       used 44710K, capacity 45769K, committed 46028K, reserved 1089536K
  class space    used 5728K, capacity 6127K, committed 6144K, reserved 1048576K
}
Event: 20.313 GC heap after
{Heap after GC invocations=12 (full 0):
 garbage-first heap   total 131072K, used 29728K [0x0000000080000000, 0x0000000100000000)
  region size 1024K, 4 young (4096K), 4 survivors (4096K)
 Metaspace       used 44710K, capacity 45769K, committed 46028K, reserved 1089536K
  class space    used 5728K, capacity 6127K, committed 6144K, reserved 1048576K
}
Event: 22.827 GC heap before
{Heap before GC invocations=12 (full 0):
 garbage-first heap   total 131072K, used 87072K [0x0000000080000000, 0x0000000100000000)
  region size 1024K, 60 young (61440K), 4 survivors (4096K)
 Metaspace       used 48213K, capacity 49433K, committed 49612K, reserved 1091584K
  class space    used 6178K, capacity 6644K, committed 6656K, reserved 1048576K
}
Event: 22.839 GC heap after
{Heap after GC invocations=13 (full 0):
 garbage-first heap   total 131072K, used 31438K [0x0000000080000000, 0x0000000100000000)
  region size 1024K, 5 young (5120K), 5 survivors (5120K)
 Metaspace       used 48213K, capacity 49433K, committed 49612K, reserved 1091584K
  class space    used 6178K, capacity 6644K, committed 6656K, reserved 1048576K
}
Event: 25.132 GC heap before
{Heap before GC invocations=13 (full 0):
 garbage-first heap   total 131072K, used 95950K [0x0000000080000000, 0x0000000100000000)
  region size 1024K, 65 young (66560K), 5 survivors (5120K)
 Metaspace       used 53709K, capacity 55062K, committed 55244K, reserved 1097728K
  class space    used 6851K, capacity 7352K, committed 7424K, reserved 1048576K
}
Event: 25.152 GC heap after
{Heap after GC invocations=14 (full 0):
 garbage-first heap   total 131072K, used 43153K [0x0000000080000000, 0x0000000100000000)
  region size 1024K, 9 young (9216K), 9 survivors (9216K)
 Metaspace       used 53709K, capacity 55062K, committed 55244K, reserved 1097728K
  class space    used 6851K, capacity 7352K, committed 7424K, reserved 1048576K
}
Event: 26.665 GC heap before
{Heap before GC invocations=14 (full 0):
 garbage-first heap   total 131072K, used 74897K [0x0000000080000000, 0x0000000100000000)
  region size 1024K, 41 young (41984K), 9 survivors (9216K)
 Metaspace       used 58767K, capacity 60102K, committed 60236K, reserved 1101824K
  class space    used 7419K, capacity 7939K, committed 8064K, reserved 1048576K
}
Event: 26.688 GC heap after
{Heap after GC invocations=15 (full 0):
 garbage-first heap   total 131072K, used 45408K [0x0000000080000000, 0x0000000100000000)
  region size 1024K, 2 young (2048K), 2 survivors (2048K)
 Metaspace       used 58767K, capacity 60102K, committed 60236K, reserved 1101824K
  class space    used 7419K, capacity 7939K, committed 8064K, reserved 1048576K
}
Event: 29.051 GC heap before
{Heap before GC invocations=16 (full 0):
 garbage-first heap   total 131072K, used 89440K [0x0000000080000000, 0x0000000100000000)
  region size 1024K, 46 young (47104K), 2 survivors (2048K)
 Metaspace       used 63895K, capacity 65349K, committed 65484K, reserved 1105920K
  class space    used 8068K, capacity 8617K, committed 8704K, reserved 1048576K
}
Event: 29.070 GC heap after
{Heap after GC invocations=17 (full 0):
 garbage-first heap   total 131072K, used 48932K [0x0000000080000000, 0x0000000100000000)
  region size 1024K, 6 young (6144K), 6 survivors (6144K)
 Metaspace       used 63895K, capacity 65349K, committed 65484K, reserved 1105920K
  class space    used 8068K, capacity 8617K, committed 8704K, reserved 1048576K
}

