# JRE version: OpenJDK Runtime Environment (11.0.12+7) (build 11.0.12+7-b1504.28-7817840)
# Java VM: OpenJDK 64-Bit Server VM (11.0.12+7-b1504.28-7817840, mixed mode, tiered, compressed oops, g1 gc, windows-amd64)
Heap:
 garbage-first heap   total 227328K, used 93450K [0x0000000080000000, 0x0000000100000000)
  region size 1024K, 9 young (9216K), 9 survivors (9216K)
 Metaspace       used 77177K, capacity 79083K, committed 79204K, reserved 1118208K
  class space    used 9938K, capacity 10603K, committed 10624K, reserved 1048576K
GC Heap History (20 events):
Event: 2.208 GC heap after
{Heap after GC invocations=4 (full 0):
 garbage-first heap   total 131072K, used 16412K [0x0000000080000000, 0x0000000100000000)
  region size 1024K, 6 young (6144K), 6 survivors (6144K)
 Metaspace       used 18017K, capacity 18436K, committed 18688K, reserved 1064960K
  class space    used 2135K, capacity 2290K, committed 2304K, reserved 1048576K
}
Event: 2.473 GC heap before
{Heap before GC invocations=4 (full 0):
 garbage-first heap   total 131072K, used 38940K [0x0000000080000000, 0x0000000100000000)
  region size 1024K, 29 young (29696K), 6 survivors (6144K)
 Metaspace       used 20723K, capacity 21152K, committed 21248K, reserved 1067008K
  class space    used 2548K, capacity 2727K, committed 2816K, reserved 1048576K
}
Event: 2.481 GC heap after
{Heap after GC invocations=5 (full 0):
 garbage-first heap   total 131072K, used 17308K [0x0000000080000000, 0x0000000100000000)
  region size 1024K, 6 young (6144K), 6 survivors (6144K)
 Metaspace       used 20723K, capacity 21152K, committed 21248K, reserved 1067008K
  class space    used 2548K, capacity 2727K, committed 2816K, reserved 1048576K
}
Event: 3.120 GC heap before
{Heap before GC invocations=6 (full 0):
 garbage-first heap   total 131072K, used 67484K [0x0000000080000000, 0x0000000100000000)
  region size 1024K, 55 young (56320K), 6 survivors (6144K)
 Metaspace       used 26339K, capacity 26922K, committed 27008K, reserved 1073152K
  class space    used 3414K, capacity 3634K, committed 3712K, reserved 1048576K
}
Event: 3.130 GC heap after
{Heap after GC invocations=7 (full 0):
 garbage-first heap   total 157696K, used 19571K [0x0000000080000000, 0x0000000100000000)
  region size 1024K, 3 young (3072K), 3 survivors (3072K)
 Metaspace       used 26339K, capacity 26922K, committed 27008K, reserved 1073152K
  class space    used 3414K, capacity 3634K, committed 3712K, reserved 1048576K
}
Event: 4.729 GC heap before
{Heap before GC invocations=7 (full 0):
 garbage-first heap   total 157696K, used 107635K [0x0000000080000000, 0x0000000100000000)
  region size 1024K, 81 young (82944K), 3 survivors (3072K)
 Metaspace       used 34845K, capacity 35780K, committed 35840K, reserved 1081344K
  class space    used 4648K, capacity 4988K, committed 4992K, reserved 1048576K
}
Event: 4.744 GC heap after
{Heap after GC invocations=8 (full 0):
 garbage-first heap   total 157696K, used 35505K [0x0000000080000000, 0x0000000100000000)
  region size 1024K, 9 young (9216K), 9 survivors (9216K)
 Metaspace       used 34845K, capacity 35780K, committed 35840K, reserved 1081344K
  class space    used 4648K, capacity 4988K, committed 4992K, reserved 1048576K
}
Event: 6.097 GC heap before
{Heap before GC invocations=9 (full 0):
 garbage-first heap   total 157696K, used 106161K [0x0000000080000000, 0x0000000100000000)
  region size 1024K, 76 young (77824K), 9 survivors (9216K)
 Metaspace       used 42897K, capacity 43999K, committed 44160K, reserved 1087488K
  class space    used 5511K, capacity 5912K, committed 6016K, reserved 1048576K
}
Event: 6.118 GC heap after
{Heap after GC invocations=10 (full 0):
 garbage-first heap   total 157696K, used 40917K [0x0000000080000000, 0x0000000100000000)
  region size 1024K, 6 young (6144K), 6 survivors (6144K)
 Metaspace       used 42897K, capacity 43999K, committed 44160K, reserved 1087488K
  class space    used 5511K, capacity 5912K, committed 6016K, reserved 1048576K
}
Event: 7.196 GC heap before
{Heap before GC invocations=10 (full 0):
 garbage-first heap   total 157696K, used 114645K [0x0000000080000000, 0x0000000100000000)
  region size 1024K, 73 young (74752K), 6 survivors (6144K)
 Metaspace       used 47132K, capacity 48448K, committed 48512K, reserved 1091584K
  class space    used 6009K, capacity 6488K, committed 6528K, reserved 1048576K
}
Event: 7.209 GC heap after
{Heap after GC invocations=11 (full 0):
 garbage-first heap   total 157696K, used 50095K [0x0000000080000000, 0x0000000100000000)
  region size 1024K, 6 young (6144K), 6 survivors (6144K)
 Metaspace       used 47132K, capacity 48448K, committed 48512K, reserved 1091584K
  class space    used 6009K, capacity 6488K, committed 6528K, reserved 1048576K
}
Event: 8.183 GC heap before
{Heap before GC invocations=11 (full 0):
 garbage-first heap   total 157696K, used 119727K [0x0000000080000000, 0x0000000100000000)
  region size 1024K, 70 young (71680K), 6 survivors (6144K)
 Metaspace       used 51183K, capacity 52628K, committed 52736K, reserved 1095680K
  class space    used 6605K, capacity 7110K, committed 7168K, reserved 1048576K
}
Event: 8.195 GC heap after
{Heap after GC invocations=12 (full 0):
 garbage-first heap   total 189440K, used 58090K [0x0000000080000000, 0x0000000100000000)
  region size 1024K, 4 young (4096K), 4 survivors (4096K)
 Metaspace       used 51183K, capacity 52628K, committed 52736K, reserved 1095680K
  class space    used 6605K, capacity 7110K, committed 7168K, reserved 1048576K
}
Event: 9.276 GC heap before
{Heap before GC invocations=12 (full 0):
 garbage-first heap   total 189440K, used 136938K [0x0000000080000000, 0x0000000100000000)
  region size 1024K, 79 young (80896K), 4 survivors (4096K)
 Metaspace       used 58515K, capacity 60036K, committed 60160K, reserved 1101824K
  class space    used 7505K, capacity 8038K, committed 8064K, reserved 1048576K
}
Event: 9.288 GC heap after
{Heap after GC invocations=13 (full 0):
 garbage-first heap   total 189440K, used 70369K [0x0000000080000000, 0x0000000100000000)
  region size 1024K, 11 young (11264K), 11 survivors (11264K)
 Metaspace       used 58515K, capacity 60036K, committed 60160K, reserved 1101824K
  class space    used 7505K, capacity 8038K, committed 8064K, reserved 1048576K
}
Event: 10.354 GC heap before
{Heap before GC invocations=14 (full 0):
 garbage-first heap   total 189440K, used 142049K [0x0000000080000000, 0x0000000100000000)
  region size 1024K, 82 young (83968K), 11 survivors (11264K)
 Metaspace       used 66827K, capacity 68496K, committed 68836K, reserved 1110016K
  class space    used 8497K, capacity 9122K, committed 9216K, reserved 1048576K
}
Event: 10.382 GC heap after
{Heap after GC invocations=15 (full 0):
 garbage-first heap   total 189440K, used 75824K [0x0000000080000000, 0x0000000100000000)
  region size 1024K, 6 young (6144K), 6 survivors (6144K)
 Metaspace       used 66827K, capacity 68496K, committed 68836K, reserved 1110016K
  class space    used 8497K, capacity 9122K, committed 9216K, reserved 1048576K
}
Event: 11.118 GC heap before
{Heap before GC invocations=16 (full 0):
 garbage-first heap   total 189440K, used 145456K [0x0000000080000000, 0x0000000100000000)
  region size 1024K, 74 young (75776K), 6 survivors (6144K)
 Metaspace       used 70822K, capacity 72606K, committed 72676K, reserved 1112064K
  class space    used 9043K, capacity 9695K, committed 9728K, reserved 1048576K
}
Event: 11.132 GC heap after
{Heap after GC invocations=17 (full 0):
 garbage-first heap   total 189440K, used 80719K [0x0000000080000000, 0x0000000100000000)
  region size 1024K, 5 young (5120K), 5 survivors (5120K)
 Metaspace       used 70822K, capacity 72606K, committed 72676K, reserved 1112064K
  class space    used 9043K, capacity 9695K, committed 9728K, reserved 1048576K
}
Event: 11.960 GC heap before
{Heap before GC invocations=17 (full 0):
 garbage-first heap   total 189440K, used 141135K [0x0000000080000000, 0x0000000100000000)
  region size 1024K, 60 young (61440K), 5 survivors (5120K)
 Metaspace       used 77177K, capacity 79083K, committed 79204K, reserved 1118208K
  class space    used 9938K, capacity 10603K, committed 10624K, reserved 1048576K
}

