# JRE version: OpenJDK Runtime Environment (11.0.12+7) (build 11.0.12+7-b1504.28-7817840)
# Java VM: OpenJDK 64-Bit Server VM (11.0.12+7-b1504.28-7817840, mixed mode, tiered, compressed oops, g1 gc, windows-amd64)
Heap:
 garbage-first heap   total 190464K, used 43835K [0x0000000080000000, 0x0000000100000000)
  region size 1024K, 12 young (12288K), 12 survivors (12288K)
 Metaspace       used 53901K, capacity 55233K, committed 55500K, reserved 1097728K
  class space    used 6893K, capacity 7387K, committed 7424K, reserved 1048576K
GC Heap History (20 events):
Event: 0.582 GC heap after
{Heap after GC invocations=1 (full 0):
 garbage-first heap   total 131072K, used 7592K [0x0000000080000000, 0x0000000100000000)
  region size 1024K, 2 young (2048K), 2 survivors (2048K)
 Metaspace       used 6734K, capacity 6933K, committed 7168K, reserved 1056768K
  class space    used 582K, capacity 650K, committed 768K, reserved 1048576K
}
Event: 0.880 GC heap before
{Heap before GC invocations=1 (full 0):
 garbage-first heap   total 131072K, used 18856K [0x0000000080000000, 0x0000000100000000)
  region size 1024K, 13 young (13312K), 2 survivors (2048K)
 Metaspace       used 9874K, capacity 10126K, committed 10368K, reserved 1058816K
  class space    used 1027K, capacity 1102K, committed 1152K, reserved 1048576K
}
Event: 0.883 GC heap after
{Heap after GC invocations=2 (full 0):
 garbage-first heap   total 131072K, used 9376K [0x0000000080000000, 0x0000000100000000)
  region size 1024K, 2 young (2048K), 2 survivors (2048K)
 Metaspace       used 9874K, capacity 10126K, committed 10368K, reserved 1058816K
  class space    used 1027K, capacity 1102K, committed 1152K, reserved 1048576K
}
Event: 1.245 GC heap before
{Heap before GC invocations=2 (full 0):
 garbage-first heap   total 131072K, used 39072K [0x0000000080000000, 0x0000000100000000)
  region size 1024K, 31 young (31744K), 2 survivors (2048K)
 Metaspace       used 10867K, capacity 11081K, committed 11264K, reserved 1058816K
  class space    used 1130K, capacity 1207K, committed 1280K, reserved 1048576K
}
Event: 1.248 GC heap after
{Heap after GC invocations=3 (full 0):
 garbage-first heap   total 131072K, used 11572K [0x0000000080000000, 0x0000000100000000)
  region size 1024K, 3 young (3072K), 3 survivors (3072K)
 Metaspace       used 10867K, capacity 11081K, committed 11264K, reserved 1058816K
  class space    used 1130K, capacity 1207K, committed 1280K, reserved 1048576K
}
Event: 2.585 GC heap before
{Heap before GC invocations=3 (full 0):
 garbage-first heap   total 131072K, used 58676K [0x0000000080000000, 0x0000000100000000)
  region size 1024K, 49 young (50176K), 3 survivors (3072K)
 Metaspace       used 17908K, capacity 18269K, committed 18432K, reserved 1064960K
  class space    used 2126K, capacity 2242K, committed 2304K, reserved 1048576K
}
Event: 2.604 GC heap after
{Heap after GC invocations=4 (full 0):
 garbage-first heap   total 131072K, used 16467K [0x0000000080000000, 0x0000000100000000)
  region size 1024K, 7 young (7168K), 7 survivors (7168K)
 Metaspace       used 17908K, capacity 18269K, committed 18432K, reserved 1064960K
  class space    used 2126K, capacity 2242K, committed 2304K, reserved 1048576K
}
Event: 2.925 GC heap before
{Heap before GC invocations=4 (full 0):
 garbage-first heap   total 131072K, used 40019K [0x0000000080000000, 0x0000000100000000)
  region size 1024K, 31 young (31744K), 7 survivors (7168K)
 Metaspace       used 20677K, capacity 21079K, committed 21248K, reserved 1067008K
  class space    used 2539K, capacity 2710K, committed 2816K, reserved 1048576K
}
Event: 2.932 GC heap after
{Heap after GC invocations=5 (full 0):
 garbage-first heap   total 131072K, used 17134K [0x0000000080000000, 0x0000000100000000)
  region size 1024K, 1 young (1024K), 1 survivors (1024K)
 Metaspace       used 20677K, capacity 21079K, committed 21248K, reserved 1067008K
  class space    used 2539K, capacity 2710K, committed 2816K, reserved 1048576K
}
Event: 3.522 GC heap before
{Heap before GC invocations=6 (full 0):
 garbage-first heap   total 131072K, used 67310K [0x0000000080000000, 0x0000000100000000)
  region size 1024K, 50 young (51200K), 1 survivors (1024K)
 Metaspace       used 25888K, capacity 26459K, committed 26624K, reserved 1073152K
  class space    used 3345K, capacity 3551K, committed 3584K, reserved 1048576K
}
Event: 3.527 GC heap after
{Heap after GC invocations=7 (full 0):
 garbage-first heap   total 157696K, used 18795K [0x0000000080000000, 0x0000000100000000)
  region size 1024K, 3 young (3072K), 3 survivors (3072K)
 Metaspace       used 25888K, capacity 26459K, committed 26624K, reserved 1073152K
  class space    used 3345K, capacity 3551K, committed 3584K, reserved 1048576K
}
Event: 4.507 GC heap before
{Heap before GC invocations=7 (full 0):
 garbage-first heap   total 157696K, used 80235K [0x0000000080000000, 0x0000000100000000)
  region size 1024K, 63 young (64512K), 3 survivors (3072K)
 Metaspace       used 32889K, capacity 33633K, committed 33792K, reserved 1079296K
  class space    used 4332K, capacity 4608K, committed 4608K, reserved 1048576K
}
Event: 4.514 GC heap after
{Heap after GC invocations=8 (full 0):
 garbage-first heap   total 157696K, used 21563K [0x0000000080000000, 0x0000000100000000)
  region size 1024K, 6 young (6144K), 6 survivors (6144K)
 Metaspace       used 32889K, capacity 33633K, committed 33792K, reserved 1079296K
  class space    used 4332K, capacity 4608K, committed 4608K, reserved 1048576K
}
Event: 4.609 GC heap before
{Heap before GC invocations=8 (full 0):
 garbage-first heap   total 157696K, used 23611K [0x0000000080000000, 0x0000000100000000)
  region size 1024K, 9 young (9216K), 6 survivors (6144K)
 Metaspace       used 34938K, capacity 35795K, committed 35840K, reserved 1081344K
  class space    used 4532K, capacity 4839K, committed 4864K, reserved 1048576K
}
Event: 4.624 GC heap after
{Heap after GC invocations=9 (full 0):
 garbage-first heap   total 157696K, used 22150K [0x0000000080000000, 0x0000000100000000)
  region size 1024K, 6 young (6144K), 6 survivors (6144K)
 Metaspace       used 34938K, capacity 35795K, committed 35840K, reserved 1081344K
  class space    used 4532K, capacity 4839K, committed 4864K, reserved 1048576K
}
Event: 5.882 GC heap before
{Heap before GC invocations=10 (full 0):
 garbage-first heap   total 157696K, used 96902K [0x0000000080000000, 0x0000000100000000)
  region size 1024K, 77 young (78848K), 6 survivors (6144K)
 Metaspace       used 40777K, capacity 41805K, committed 41932K, reserved 1085440K
  class space    used 5207K, capacity 5579K, committed 5632K, reserved 1048576K
}
Event: 5.899 GC heap after
{Heap after GC invocations=11 (full 0):
 garbage-first heap   total 157696K, used 28426K [0x0000000080000000, 0x0000000100000000)
  region size 1024K, 10 young (10240K), 10 survivors (10240K)
 Metaspace       used 40777K, capacity 41805K, committed 41932K, reserved 1085440K
  class space    used 5207K, capacity 5579K, committed 5632K, reserved 1048576K
}
Event: 7.439 GC heap before
{Heap before GC invocations=11 (full 0):
 garbage-first heap   total 157696K, used 107274K [0x0000000080000000, 0x0000000100000000)
  region size 1024K, 87 young (89088K), 10 survivors (10240K)
 Metaspace       used 47412K, capacity 48536K, committed 48716K, reserved 1091584K
  class space    used 6107K, capacity 6516K, committed 6528K, reserved 1048576K
}
Event: 7.469 GC heap after
{Heap after GC invocations=12 (full 0):
 garbage-first heap   total 157696K, used 30716K [0x0000000080000000, 0x0000000100000000)
  region size 1024K, 9 young (9216K), 9 survivors (9216K)
 Metaspace       used 47412K, capacity 48536K, committed 48716K, reserved 1091584K
  class space    used 6107K, capacity 6516K, committed 6528K, reserved 1048576K
}
Event: 9.304 GC heap before
{Heap before GC invocations=12 (full 0):
 garbage-first heap   total 157696K, used 119804K [0x0000000080000000, 0x0000000100000000)
  region size 1024K, 92 young (94208K), 9 survivors (9216K)
 Metaspace       used 53901K, capacity 55233K, committed 55500K, reserved 1097728K
  class space    used 6893K, capacity 7387K, committed 7424K, reserved 1048576K
}

