# JRE version: OpenJDK Runtime Environment (11.0.12+7) (build 11.0.12+7-b1504.28-7817840)
# Java VM: OpenJDK 64-Bit Server VM (11.0.12+7-b1504.28-7817840, mixed mode, tiered, compressed oops, g1 gc, windows-amd64)
Heap:
 garbage-first heap   total 189440K, used 80440K [0x0000000080000000, 0x0000000100000000)
  region size 1024K, 38 young (38912K), 10 survivors (10240K)
 Metaspace       used 47834K, capacity 49064K, committed 49100K, reserved 1091584K
  class space    used 6132K, capacity 6589K, committed 6604K, reserved 1048576K
GC Heap History (20 events):
Event: 0.409 GC heap before
{Heap before GC invocations=0 (full 0):
 garbage-first heap   total 131072K, used 20480K [0x0000000080000000, 0x0000000100000000)
  region size 1024K, 14 young (14336K), 0 survivors (0K)
 Metaspace       used 6729K, capacity 6921K, committed 7168K, reserved 1056768K
  class space    used 582K, capacity 650K, committed 768K, reserved 1048576K
}
Event: 0.412 GC heap after
{Heap after GC invocations=1 (full 0):
 garbage-first heap   total 131072K, used 7590K [0x0000000080000000, 0x0000000100000000)
  region size 1024K, 2 young (2048K), 2 survivors (2048K)
 Metaspace       used 6729K, capacity 6921K, committed 7168K, reserved 1056768K
  class space    used 582K, capacity 650K, committed 768K, reserved 1048576K
}
Event: 0.684 GC heap before
{Heap before GC invocations=1 (full 0):
 garbage-first heap   total 131072K, used 20902K [0x0000000080000000, 0x0000000100000000)
  region size 1024K, 15 young (15360K), 2 survivors (2048K)
 Metaspace       used 9893K, capacity 10114K, committed 10368K, reserved 1058816K
  class space    used 1027K, capacity 1102K, committed 1152K, reserved 1048576K
}
Event: 0.687 GC heap after
{Heap after GC invocations=2 (full 0):
 garbage-first heap   total 131072K, used 9415K [0x0000000080000000, 0x0000000100000000)
  region size 1024K, 2 young (2048K), 2 survivors (2048K)
 Metaspace       used 9893K, capacity 10114K, committed 10368K, reserved 1058816K
  class space    used 1027K, capacity 1102K, committed 1152K, reserved 1048576K
}
Event: 0.936 GC heap before
{Heap before GC invocations=2 (full 0):
 garbage-first heap   total 131072K, used 41159K [0x0000000080000000, 0x0000000100000000)
  region size 1024K, 32 young (32768K), 2 survivors (2048K)
 Metaspace       used 10881K, capacity 11069K, committed 11264K, reserved 1058816K
  class space    used 1130K, capacity 1207K, committed 1280K, reserved 1048576K
}
Event: 0.942 GC heap after
{Heap after GC invocations=3 (full 0):
 garbage-first heap   total 131072K, used 12414K [0x0000000080000000, 0x0000000100000000)
  region size 1024K, 4 young (4096K), 4 survivors (4096K)
 Metaspace       used 10881K, capacity 11069K, committed 11264K, reserved 1058816K
  class space    used 1130K, capacity 1207K, committed 1280K, reserved 1048576K
}
Event: 2.224 GC heap before
{Heap before GC invocations=3 (full 0):
 garbage-first heap   total 131072K, used 57470K [0x0000000080000000, 0x0000000100000000)
  region size 1024K, 48 young (49152K), 4 survivors (4096K)
 Metaspace       used 18393K, capacity 18786K, committed 19072K, reserved 1067008K
  class space    used 2187K, capacity 2323K, committed 2432K, reserved 1048576K
}
Event: 2.231 GC heap after
{Heap after GC invocations=4 (full 0):
 garbage-first heap   total 131072K, used 16641K [0x0000000080000000, 0x0000000100000000)
  region size 1024K, 6 young (6144K), 6 survivors (6144K)
 Metaspace       used 18393K, capacity 18786K, committed 19072K, reserved 1067008K
  class space    used 2187K, capacity 2323K, committed 2432K, reserved 1048576K
}
Event: 2.424 GC heap before
{Heap before GC invocations=4 (full 0):
 garbage-first heap   total 131072K, used 39169K [0x0000000080000000, 0x0000000100000000)
  region size 1024K, 29 young (29696K), 6 survivors (6144K)
 Metaspace       used 20711K, capacity 21148K, committed 21248K, reserved 1067008K
  class space    used 2542K, capacity 2727K, committed 2816K, reserved 1048576K
}
Event: 2.432 GC heap after
{Heap after GC invocations=5 (full 0):
 garbage-first heap   total 157696K, used 17131K [0x0000000080000000, 0x0000000100000000)
  region size 1024K, 5 young (5120K), 5 survivors (5120K)
 Metaspace       used 20711K, capacity 21148K, committed 21248K, reserved 1067008K
  class space    used 2542K, capacity 2727K, committed 2816K, reserved 1048576K
}
Event: 3.263 GC heap before
{Heap before GC invocations=6 (full 0):
 garbage-first heap   total 157696K, used 71403K [0x0000000080000000, 0x0000000100000000)
  region size 1024K, 58 young (59392K), 5 survivors (5120K)
 Metaspace       used 26514K, capacity 27065K, committed 27264K, reserved 1073152K
  class space    used 3435K, capacity 3641K, committed 3712K, reserved 1048576K
}
Event: 3.270 GC heap after
{Heap after GC invocations=7 (full 0):
 garbage-first heap   total 157696K, used 19238K [0x0000000080000000, 0x0000000100000000)
  region size 1024K, 7 young (7168K), 7 survivors (7168K)
 Metaspace       used 26514K, capacity 27065K, committed 27264K, reserved 1073152K
  class space    used 3435K, capacity 3641K, committed 3712K, reserved 1048576K
}
Event: 6.610 GC heap before
{Heap before GC invocations=7 (full 0):
 garbage-first heap   total 157696K, used 107302K [0x0000000080000000, 0x0000000100000000)
  region size 1024K, 84 young (86016K), 7 survivors (7168K)
 Metaspace       used 34769K, capacity 35758K, committed 35840K, reserved 1081344K
  class space    used 4643K, capacity 4984K, committed 4992K, reserved 1048576K
}
Event: 6.622 GC heap after
{Heap after GC invocations=8 (full 0):
 garbage-first heap   total 157696K, used 35658K [0x0000000080000000, 0x0000000100000000)
  region size 1024K, 9 young (9216K), 9 survivors (9216K)
 Metaspace       used 34769K, capacity 35758K, committed 35840K, reserved 1081344K
  class space    used 4643K, capacity 4984K, committed 4992K, reserved 1048576K
}
Event: 6.628 GC heap before
{Heap before GC invocations=8 (full 0):
 garbage-first heap   total 157696K, used 35658K [0x0000000080000000, 0x0000000100000000)
  region size 1024K, 10 young (10240K), 9 survivors (9216K)
 Metaspace       used 34910K, capacity 35825K, committed 35840K, reserved 1081344K
  class space    used 4650K, capacity 4985K, committed 4992K, reserved 1048576K
}
Event: 6.640 GC heap after
{Heap after GC invocations=9 (full 0):
 garbage-first heap   total 157696K, used 36226K [0x0000000080000000, 0x0000000100000000)
  region size 1024K, 1 young (1024K), 1 survivors (1024K)
 Metaspace       used 34910K, capacity 35825K, committed 35840K, reserved 1081344K
  class space    used 4650K, capacity 4985K, committed 4992K, reserved 1048576K
}
Event: 7.413 GC heap before
{Heap before GC invocations=10 (full 0):
 garbage-first heap   total 157696K, used 91522K [0x0000000080000000, 0x0000000100000000)
  region size 1024K, 53 young (54272K), 1 survivors (1024K)
 Metaspace       used 41654K, capacity 42694K, committed 42828K, reserved 1087488K
  class space    used 5311K, capacity 5692K, committed 5708K, reserved 1048576K
}
Event: 7.423 GC heap after
{Heap after GC invocations=11 (full 0):
 garbage-first heap   total 189440K, used 40231K [0x0000000080000000, 0x0000000100000000)
  region size 1024K, 5 young (5120K), 5 survivors (5120K)
 Metaspace       used 41654K, capacity 42694K, committed 42828K, reserved 1087488K
  class space    used 5311K, capacity 5692K, committed 5708K, reserved 1048576K
}
Event: 8.359 GC heap before
{Heap before GC invocations=12 (full 0):
 garbage-first heap   total 189440K, used 116007K [0x0000000080000000, 0x0000000100000000)
  region size 1024K, 75 young (76800K), 5 survivors (5120K)
 Metaspace       used 46279K, capacity 47443K, committed 47564K, reserved 1091584K
  class space    used 5873K, capacity 6327K, committed 6348K, reserved 1048576K
}
Event: 8.370 GC heap after
{Heap after GC invocations=13 (full 0):
 garbage-first heap   total 189440K, used 48696K [0x0000000080000000, 0x0000000100000000)
  region size 1024K, 10 young (10240K), 10 survivors (10240K)
 Metaspace       used 46279K, capacity 47443K, committed 47564K, reserved 1091584K
  class space    used 5873K, capacity 6327K, committed 6348K, reserved 1048576K
}

